<?xml version="1.0" encoding="UTF-8"?>
<testsuite name="org.example.user.UserDAOTest" tests="2" skipped="0" failures="0" errors="0" timestamp="2023-07-03T13:09:14" hostname="DT-22052401" time="0.873">
  <properties/>
  <testcase name="addAndGet()" classname="org.example.user.UserDAOTest" time="0.751"/>
  <testcase name="count()" classname="org.example.user.UserDAOTest" time="0.121"/>
  <system-out><![CDATA[]]></system-out>
  <system-err><![CDATA[]]></system-err>
</testsuite>
