<?xml version="1.0" encoding="UTF-8"?>
<testsuite name="org.example.user.UserDAOTest" tests="3" skipped="0" failures="0" errors="0" timestamp="2023-07-04T05:05:49" hostname="DESKTOP-GHLVEEV" time="0.301">
  <properties/>
  <testcase name="getUserFailure()" classname="org.example.user.UserDAOTest" time="0.251"/>
  <testcase name="addAndGet()" classname="org.example.user.UserDAOTest" time="0.027"/>
  <testcase name="count()" classname="org.example.user.UserDAOTest" time="0.021"/>
  <system-out><![CDATA[]]></system-out>
  <system-err><![CDATA[]]></system-err>
</testsuite>
