<?xml version="1.0" encoding="UTF-8"?>
<testsuite name="org.example.user.UserDAOTest" tests="3" skipped="0" failures="0" errors="0" timestamp="2023-07-05T03:54:40" hostname="DT-22052401" time="0.666">
  <properties/>
  <testcase name="getUserFailure()" classname="org.example.user.UserDAOTest" time="0.473"/>
  <testcase name="addAndGet()" classname="org.example.user.UserDAOTest" time="0.094"/>
  <testcase name="count()" classname="org.example.user.UserDAOTest" time="0.097"/>
  <system-out><![CDATA[]]></system-out>
  <system-err><![CDATA[]]></system-err>
</testsuite>
