<?xml version="1.0" encoding="UTF-8"?>
<testsuite name="org.example.user.UserDAOTest" tests="3" skipped="0" failures="0" errors="0" timestamp="2023-07-04T12:50:21" hostname="DESKTOP-GHLVEEV" time="0.39">
  <properties/>
  <testcase name="getUserFailure()" classname="org.example.user.UserDAOTest" time="0.262"/>
  <testcase name="addAndGet()" classname="org.example.user.UserDAOTest" time="0.065"/>
  <testcase name="count()" classname="org.example.user.UserDAOTest" time="0.061"/>
  <system-out><![CDATA[]]></system-out>
  <system-err><![CDATA[]]></system-err>
</testsuite>
